\BOOKMARK [1][-]{section.1}{26 March 2012:}{}% 1
\BOOKMARK [2][-]{subsection.1.1}{Inductor Impedance Tests}{section.1}% 2
\BOOKMARK [2][-]{subsection.1.2}{Loop Impedance Tests}{section.1}% 3
\BOOKMARK [2][-]{subsection.1.3}{Chip Impedance Tests}{section.1}% 4
\BOOKMARK [1][-]{section.2}{31 May 2012:}{}% 5
\BOOKMARK [2][-]{subsection.2.1}{NXP Tag Chip Impedance in Saline Using Agilent Cal}{section.2}% 6
\BOOKMARK [2][-]{subsection.2.2}{Small Loop Impedance in Saline Using Agilent Cal}{section.2}% 7
\BOOKMARK [2][-]{subsection.2.3}{Matching NXP Tag Chip in Saline to 50 }{section.2}% 8
\BOOKMARK [2][-]{subsection.2.4}{Matching Small Loop in Saline to 50 }{section.2}% 9
\BOOKMARK [1][-]{section.3}{18 February 2013:}{}% 10
\BOOKMARK [2][-]{subsection.3.1}{Comparing Receiver Architecture Analog Front Ends \(AFE\)}{section.3}% 11
\BOOKMARK [3][-]{subsubsection.3.1.1}{Circulator Architecture}{subsection.3.1}% 12
\BOOKMARK [3][-]{subsubsection.3.1.2}{23 dB Coupler Architecture}{subsection.3.1}% 13
\BOOKMARK [3][-]{subsubsection.3.1.3}{10 dB Coupler Architecture}{subsection.3.1}% 14
\BOOKMARK [1][-]{section.4}{19 February 2013:}{}% 15
\BOOKMARK [2][-]{subsection.4.1}{Harvested Voltage}{section.4}% 16
\BOOKMARK [2][-]{subsection.4.2}{Return Signal Strength}{section.4}% 17
\BOOKMARK [2][-]{subsection.4.3}{Rejection Ratio}{section.4}% 18
\BOOKMARK [1][-]{section.5}{20 February 2013:}{}% 19
\BOOKMARK [2][-]{subsection.5.1}{Using an LNA to Increase Backscatter Signal Strength}{section.5}% 20
\BOOKMARK [1][-]{section.6}{21 February 2013:}{}% 21
\BOOKMARK [2][-]{subsection.6.1}{Testing for Chip Damage}{section.6}% 22
\BOOKMARK [2][-]{subsection.6.2}{Testing and Matching New Bug3 Chips}{section.6}% 23
\BOOKMARK [1][-]{section.7}{22 February 2013:}{}% 24
\BOOKMARK [2][-]{subsection.7.1}{Testing and Matching New Bug3 Chips}{section.7}% 25
\BOOKMARK [1][-]{section.8}{25 February 2013:}{}% 26
\BOOKMARK [2][-]{subsection.8.1}{Testing and Matching Bug3 Chips}{section.8}% 27
\BOOKMARK [3][-]{subsubsection.8.1.1}{Chip \0431}{subsection.8.1}% 28
\BOOKMARK [3][-]{subsubsection.8.1.2}{Chip \0432}{subsection.8.1}% 29
\BOOKMARK [2][-]{subsection.8.2}{Impedance Characteristics of 9.5 mm Diameter Loop Antenna in Saline}{section.8}% 30
\BOOKMARK [2][-]{subsection.8.3}{Impedance Characteristics of Bug3 Chip in Saline}{section.8}% 31
\BOOKMARK [2][-]{subsection.8.4}{Matching the Bug3 Chip to the Small Loop Antenna in Saline}{section.8}% 32
\BOOKMARK [1][-]{section.9}{26 February 2013:}{}% 33
\BOOKMARK [2][-]{subsection.9.1}{Matching the Bug3 Chip to the Small Loop Antenna in Saline}{section.9}% 34
\BOOKMARK [1][-]{section.10}{27 February 2013:}{}% 35
\BOOKMARK [1][-]{section.11}{28 February 2013:}{}% 36
\BOOKMARK [2][-]{subsection.11.1}{MTT Paper Completion Plan}{section.11}% 37
\BOOKMARK [2][-]{subsection.11.2}{Impedance Characteristics of 9.5 mm Single Turn Loop Antenna in Chicken}{section.11}% 38
\BOOKMARK [3][-]{subsubsection.11.2.1}{Free Space}{subsection.11.2}% 39
\BOOKMARK [3][-]{subsubsection.11.2.2}{Chicken}{subsection.11.2}% 40
\BOOKMARK [1][-]{section.12}{1 March 2013:}{}% 41
\BOOKMARK [2][-]{subsection.12.1}{Chip Mismatch in Chicken}{section.12}% 42
\BOOKMARK [2][-]{subsection.12.2}{Demodulating a Signal in Saline}{section.12}% 43
\BOOKMARK [3][-]{subsubsection.12.2.1}{Sine Wave Demodulation}{subsection.12.2}% 44
\BOOKMARK [1][-]{section.13}{4 March 2013:}{}% 45
\BOOKMARK [2][-]{subsection.13.1}{Demodulating a Signal in Saline}{section.13}% 46
\BOOKMARK [3][-]{subsubsection.13.1.1}{Demodulating a Sine Wave in Saline}{subsection.13.1}% 47
\BOOKMARK [3][-]{subsubsection.13.1.2}{Demodulating ECG Data in Saline}{subsection.13.1}% 48
\BOOKMARK [1][-]{section.14}{5 March 2013:}{}% 49
\BOOKMARK [2][-]{subsection.14.1}{Demodulating ECG Data in Saline}{section.14}% 50
\BOOKMARK [1][-]{section.15}{6 March 2013:}{}% 51
\BOOKMARK [1][-]{section.16}{7 March 2013:}{}% 52
\BOOKMARK [1][-]{section.17}{8 March 2013:}{}% 53
\BOOKMARK [2][-]{subsection.17.1}{Demodulating ECG Data in Saline}{section.17}% 54
\BOOKMARK [1][-]{section.18}{11 March 2013:}{}% 55
\BOOKMARK [1][-]{section.19}{12 March 2013:}{}% 56
\BOOKMARK [2][-]{subsection.19.1}{RFID 2013 Paper Shepherding}{section.19}% 57
\BOOKMARK [3][-]{subsubsection.19.1.1}{Telemetry Device Power Breakdown: Only Used Channels}{subsection.19.1}% 58
\BOOKMARK [3][-]{subsubsection.19.1.2}{Operating Range Only Using Required Channels}{subsection.19.1}% 59
\BOOKMARK [3][-]{subsubsection.19.1.3}{Calculating Semi-passive Ideal Range}{subsection.19.1}% 60
\BOOKMARK [1][-]{section.20}{13 March 2013:}{}% 61
\BOOKMARK [2][-]{subsection.20.1}{More RFID Shepherding}{section.20}% 62
\BOOKMARK [3][-]{subsubsection.20.1.1}{``Ideal" OTA ECG}{subsection.20.1}% 63
\BOOKMARK [2][-]{subsection.20.2}{Bistatic Receiver Setup}{section.20}% 64
\BOOKMARK [2][-]{subsection.20.3}{Monostatic Receiver Setup}{section.20}% 65
\BOOKMARK [2][-]{subsection.20.4}{Lining Up Tx and Rx ECG Data for Near-Field Biotelemetry Paper}{section.20}% 66
\BOOKMARK [1][-]{section.21}{14 March 2013:}{}% 67
\BOOKMARK [1][-]{section.22}{4 April 2013:}{}% 68
\BOOKMARK [2][-]{subsection.22.1}{Using The EMG Channels On The Bug3 Chip For in vivo Biotelemetry}{section.22}% 69
\BOOKMARK [1][-]{section.23}{6 May 2013:}{}% 70
\BOOKMARK [2][-]{subsection.23.1}{Implantable Transponder Antenna}{section.23}% 71
\BOOKMARK [1][-]{section.24}{7 May 2013:}{}% 72
\BOOKMARK [2][-]{subsection.24.1}{Loop Antenna Background}{section.24}% 73
\BOOKMARK [3][-]{subsubsection.24.1.1}{Introduction}{subsection.24.1}% 74
\BOOKMARK [3][-]{subsubsection.24.1.2}{Antenna Radiation Efficiency}{subsection.24.1}% 75
\BOOKMARK [3][-]{subsubsection.24.1.3}{Radiated Fields}{subsection.24.1}% 76
\BOOKMARK [2][-]{subsection.24.2}{Radiation Resistance}{section.24}% 77
\BOOKMARK [2][-]{subsection.24.3}{Loss Resistance}{section.24}% 78
\BOOKMARK [1][-]{section.25}{8 May 2013:}{}% 79
\BOOKMARK [2][-]{subsection.25.1}{Proximity Effect and Antenna Radiation Efficiency}{section.25}% 80
\BOOKMARK [3][-]{subsubsection.25.1.1}{Model/Assumption Constraints}{subsection.25.1}% 81
\BOOKMARK [3][-]{subsubsection.25.1.2}{Antenna Radiation Efficiency vs. Number of Turns and Wire Gauge}{subsection.25.1}% 82
\BOOKMARK [1][-]{section.26}{9 \046 10 \046 13-14 May 2013:}{}% 83
\BOOKMARK [2][-]{subsection.26.1}{Induced Voltage at Small Loop Antenna's Terminals}{section.26}% 84
\BOOKMARK [3][-]{subsubsection.26.1.1}{Small Circular Loop Model}{subsection.26.1}% 85
\BOOKMARK [3][-]{subsubsection.26.1.2}{Induced Voltage for Single Turn Loop}{subsection.26.1}% 86
\BOOKMARK [3][-]{subsubsection.26.1.3}{Small Circular Loop Circuit Model}{subsection.26.1}% 87
\BOOKMARK [3][-]{subsubsection.26.1.4}{Computing the Voltage Delivered to the Load}{subsection.26.1}% 88
\BOOKMARK [1][-]{section.27}{17 May 2013:}{}% 89
\BOOKMARK [2][-]{subsection.27.1}{Loop Antenna in Dielectric Medium}{section.27}% 90
\BOOKMARK [1][-]{section.28}{23 May 2013:}{}% 91
\BOOKMARK [2][-]{subsection.28.1}{New Dragonfly Test Board}{section.28}% 92
\BOOKMARK [3][-]{subsubsection.28.1.1}{Input Impedance}{subsection.28.1}% 93
\BOOKMARK [3][-]{subsubsection.28.1.2}{Harvesting Voltage}{subsection.28.1}% 94
\BOOKMARK [1][-]{section.29}{24 May 2013:}{}% 95
\BOOKMARK [1][-]{section.30}{27 May 2013:}{}% 96
\BOOKMARK [2][-]{subsection.30.1}{Coaxial Cable as a Transmission Line}{section.30}% 97
\BOOKMARK [3][-]{subsubsection.30.1.1}{Lumped Element Circuit Model for Transmission Line}{subsection.30.1}% 98
\BOOKMARK [3][-]{subsubsection.30.1.2}{Wave Propagation on Transmission Lines}{subsection.30.1}% 99
\BOOKMARK [3][-]{subsubsection.30.1.3}{Transmission Line Parameters of a Coaxial Line}{subsection.30.1}% 100
\BOOKMARK [3][-]{subsubsection.30.1.4}{Coaxial Line Characteristic Impedance}{subsection.30.1}% 101
\BOOKMARK [2][-]{subsection.30.2}{FEP Dielectric Wire Characteristics}{section.30}% 102
\BOOKMARK [3][-]{subsubsection.30.2.1}{FEP Dielectric Wire as Coaxial Cable: Surrounded by PEC}{subsection.30.2}% 103
\BOOKMARK [1][-]{section.31}{28 \046 29 \046 30 May 2013:}{}% 104
\BOOKMARK [2][-]{subsection.31.1}{Dielectric Media Parameters}{section.31}% 105
\BOOKMARK [2][-]{subsection.31.2}{Computing Single-Wire Coaxial Properties in Lossy Media using ADS LineCalc}{section.31}% 106
\BOOKMARK [1][-]{section.32}{4 June 2013:}{}% 107
\BOOKMARK [2][-]{subsection.32.1}{Electric and Magnetic Fields in ``Traditional" Coaxial Line}{section.32}% 108
\BOOKMARK [2][-]{subsection.32.2}{Derivation of EM Fields in Single-Wire ``Coaxial Line"}{section.32}% 109
\BOOKMARK [3][-]{subsubsection.32.2.1}{Field Boundary Conditions at Dielectric Interface}{subsection.32.2}% 110
\BOOKMARK [3][-]{subsubsection.32.2.2}{Magnetic Field}{subsection.32.2}% 111
\BOOKMARK [3][-]{subsubsection.32.2.3}{Electric Field}{subsection.32.2}% 112
\BOOKMARK [1][-]{section.33}{8 June 2013:}{}% 113
\BOOKMARK [2][-]{subsection.33.1}{Saline Tank Rig}{section.33}% 114
\BOOKMARK [2][-]{subsection.33.2}{Single-wire Test Cables}{section.33}% 115
\BOOKMARK [3][-]{subsubsection.33.2.1}{Wavelength Inside Saline}{subsection.33.2}% 116
\BOOKMARK [3][-]{subsubsection.33.2.2}{Fabricated Cables}{subsection.33.2}% 117
\BOOKMARK [2][-]{subsection.33.3}{A Note on Time Domain Reflectometry}{section.33}% 118
\BOOKMARK [1][-]{section.34}{9 \046 10 June 2013:}{}% 119
\BOOKMARK [2][-]{subsection.34.1}{Single-Wire Loss Measurement Results}{section.34}% 120
\BOOKMARK [3][-]{subsubsection.34.1.1}{Calibration}{subsection.34.1}% 121
\BOOKMARK [2][-]{subsection.34.2}{Return Loss}{section.34}% 122
\BOOKMARK [2][-]{subsection.34.3}{Power Loss}{section.34}% 123
\BOOKMARK [1][-]{section.35}{11 \046 12 June 2013:}{}% 124
\BOOKMARK [2][-]{subsection.35.1}{Single-Wire Loss Measurement Results}{section.35}% 125
\BOOKMARK [1][-]{section.36}{24 June 2013:}{}% 126
\BOOKMARK [2][-]{subsection.36.1}{Effect of Temperature on the Dielectric Properties of Normal Saline}{section.36}% 127
\BOOKMARK [3][-]{subsubsection.36.1.1}{Single-Wire RF Transmission Line Loss Versus Temperature}{subsection.36.1}% 128
\BOOKMARK [1][-]{section.37}{25 \046 26 June 2013:}{}% 129
\BOOKMARK [2][-]{subsection.37.1}{Backscatter With A SWTL In Saline}{section.37}% 130
\BOOKMARK [3][-]{subsubsection.37.1.1}{Results}{subsection.37.1}% 131
\BOOKMARK [1][-]{section.38}{27 \046 28 June 2013:}{}% 132
\BOOKMARK [2][-]{subsection.38.1}{Modified Backscatter With A SWTL In Saline Setup}{section.38}% 133
\BOOKMARK [3][-]{subsubsection.38.1.1}{Results: AWG 36 SWTL}{subsection.38.1}% 134
\BOOKMARK [1][-]{section.39}{2 July 2013:}{}% 135
\BOOKMARK [2][-]{subsection.39.1}{New SWTL and Tag Experimental Settings}{section.39}% 136
\BOOKMARK [2][-]{subsection.39.2}{SWTL and Tag Results: AWG 29 Wire}{section.39}% 137
\BOOKMARK [2][-]{subsection.39.3}{SWTL and Tag Results: AWG 36 Wire}{section.39}% 138
\BOOKMARK [1][-]{section.40}{3 \046 5 \046 8 \046 9 July 2013:}{}% 139
\BOOKMARK [2][-]{subsection.40.1}{New Bug3a Board and Matching}{section.40}% 140
\BOOKMARK [3][-]{subsubsection.40.1.1}{Matching Network}{subsection.40.1}% 141
\BOOKMARK [3][-]{subsubsection.40.1.2}{Harvested Voltage: New Bug3a Chip ``A"}{subsection.40.1}% 142
\BOOKMARK [1][-]{section.41}{10 July 2013:}{}% 143
\BOOKMARK [2][-]{subsection.41.1}{Investigating TDR of the SWTL in Saline}{section.41}% 144
\BOOKMARK [3][-]{subsubsection.41.1.1}{Initial TDR for AWG 36 Wire}{subsection.41.1}% 145
\BOOKMARK [3][-]{subsubsection.41.1.2}{TDR for All Wire Gauges Tested}{subsection.41.1}% 146
\BOOKMARK [1][-]{section.42}{11 July 2013:}{}% 147
\BOOKMARK [2][-]{subsection.42.1}{New Bug3a Board and Matching}{section.42}% 148
\BOOKMARK [1][-]{section.43}{22 \046 23 \046 24 July 2013:}{}% 149
\BOOKMARK [2][-]{subsection.43.1}{Flip and Shift TDR of S11 and S22 for SWTL in saline}{section.43}% 150
\BOOKMARK [3][-]{subsubsection.43.1.1}{Increasing IFFT Points}{subsection.43.1}% 151
\BOOKMARK [3][-]{subsubsection.43.1.2}{Windowing IFFT TDR Data}{subsection.43.1}% 152
\BOOKMARK [3][-]{subsubsection.43.1.3}{Combining S11 and S22 Data}{subsection.43.1}% 153
\BOOKMARK [2][-]{subsection.43.2}{Verifying Phase Velocity in SWTL in Saline}{section.43}% 154
\BOOKMARK [1][-]{section.44}{29 \046 30 \046 31 July 2013:}{}% 155
\BOOKMARK [2][-]{subsection.44.1}{SWTL \046 RFID Tag: New Bug3 Chip}{section.44}% 156
\BOOKMARK [3][-]{subsubsection.44.1.1}{AWG 36 SWTL \046 RFID Tag}{subsection.44.1}% 157
\BOOKMARK [3][-]{subsubsection.44.1.2}{AWG 29 SWTL \046 RFID Tag}{subsection.44.1}% 158
\BOOKMARK [3][-]{subsubsection.44.1.3}{Comparison of RFID Tag \046 SWTL Cable Assembly for Different Wire Gauges}{subsection.44.1}% 159
\BOOKMARK [1][-]{section.45}{1 \046 2 August 2013:}{}% 160
\BOOKMARK [2][-]{subsection.45.1}{AWG 26 SWTL \046 RFID Tag}{section.45}% 161
\BOOKMARK [3][-]{subsubsection.45.1.1}{Tag Response: Power Referred to Tag Input Terminals}{subsection.45.1}% 162
\BOOKMARK [3][-]{subsubsection.45.1.2}{Tag Response: Power Referred to SWTL}{subsection.45.1}% 163
\BOOKMARK [2][-]{subsection.45.2}{Final Comparison of RFID Tag \046 SWTL Cable Assembly for Different Wire Gauges}{section.45}% 164
\BOOKMARK [1][-]{section.46}{5 August 2013:}{}% 165
\BOOKMARK [1][-]{section.47}{6 \046 7 August 2013:}{}% 166
\BOOKMARK [2][-]{subsection.47.1}{General Notes on Specific Absorption Rate \(SAR\)}{section.47}% 167
\BOOKMARK [3][-]{subsubsection.47.1.1}{A Quick Look at the Maximum E-field}{subsection.47.1}% 168
\BOOKMARK [2][-]{subsection.47.2}{Simple Example: SAR Around a Single, Non-Tx Line Wire in Dielectric Media}{section.47}% 169
